2019-05-25 00:03:17,660 INFO  [org.jboss.modules] (main) JBoss Modules version 1.9.0.Final
2019-05-25 00:03:18,197 INFO  [org.jboss.msc] (main) JBoss MSC version 1.4.5.Final
2019-05-25 00:03:18,209 INFO  [org.jboss.threads] (main) JBoss Threads version 2.3.3.Final
2019-05-25 00:03:18,385 INFO  [org.jboss.as] (MSC service thread 1-2) WFLYSRV0049: WildFly Full 16.0.0.Final (WildFly Core 8.0.0.Final) starting
2019-05-25 00:03:18,387 DEBUG [org.jboss.as.config] (MSC service thread 1-2) Configured system properties:
	awt.toolkit = sun.awt.windows.WToolkit
	file.encoding = Cp1252
	file.encoding.pkg = sun.io
	file.separator = \
	java.awt.graphicsenv = sun.awt.Win32GraphicsEnvironment
	java.awt.printerjob = sun.awt.windows.WPrinterJob
	java.class.path = G:\JavaServerEss\wildfly-16.0.0.Final\jboss-modules.jar
	java.class.version = 52.0
	java.endorsed.dirs = C:\Program Files\Java\jre1.8.0_211\lib\endorsed
	java.ext.dirs = C:\Program Files\Java\jre1.8.0_211\lib\ext;C:\WINDOWS\Sun\Java\lib\ext
	java.home = C:\Program Files\Java\jre1.8.0_211
	java.io.tmpdir = C:\Users\Admin\AppData\Local\Temp\
	java.library.path = C:\Program Files (x86)\Common Files\Oracle\Java\javapath;C:\WINDOWS\Sun\Java\bin;C:\WINDOWS\system32;C:\WINDOWS;C:\Program Files (x86)\Common Files\Oracle\Java\javapath;C:\ProgramData\Oracle\Java\javapath;C:\Program Files (x86)\Intel\iCLS Client\;C:\Program Files\Intel\iCLS Client\;C:\windows\system32;C:\windows;C:\windows\System32\Wbem;C:\windows\System32\WindowsPowerShell\v1.0\;C:\Program Files (x86)\Intel\Intel(R) Management Engine Components\DAL;C:\Program Files\Intel\Intel(R) Management Engine Components\DAL;C:\Program Files (x86)\Intel\Intel(R) Management Engine Components\IPT;C:\Program Files\Intel\Intel(R) Management Engine Components\IPT;C:\Program Files (x86)\NVIDIA Corporation\PhysX\Common;C:\WINDOWS\system32;C:\WINDOWS;C:\WINDOWS\System32\Wbem;C:\WINDOWS\System32\WindowsPowerShell\v1.0\;C:\Program Files\Git\cmd;C:\xampp\php;C:\ProgramData\ComposerSetup\bin;C:\Program Files (x86)\Java\jdk1.8.0_121\bin;C:\WINDOWS\System32\OpenSSH\;C:\Program Files\nodejs\;C:\Program Files (x86)\Microsoft VS Code\bin;C:\Program Files\PuTTY\;C:\Program Files\Intel\WiFi\bin\;C:\Program Files\Common Files\Intel\WirelessCommon\;C:\Users\Admin\AppData\Local\Microsoft\WindowsApps;C:\Program Files (x86)\Microsoft VS Code\bin;C:\Users\Admin\AppData\Roaming\Composer\vendor\bin;C:\Users\Admin\AppData\Local\atom\bin;C:\Users\Admin\AppData\Local\Microsoft\WindowsApps;C:\Users\Admin\AppData\Roaming\npm;.
	java.net.preferIPv4Stack = true
	java.runtime.name = Java(TM) SE Runtime Environment
	java.runtime.version = 1.8.0_211-b12
	java.specification.name = Java Platform API Specification
	java.specification.vendor = Oracle Corporation
	java.specification.version = 1.8
	java.util.logging.manager = org.jboss.logmanager.LogManager
	java.vendor = Oracle Corporation
	java.vendor.url = http://java.oracle.com/
	java.vendor.url.bug = http://bugreport.sun.com/bugreport/
	java.version = 1.8.0_211
	java.vm.info = mixed mode
	java.vm.name = Java HotSpot(TM) 64-Bit Server VM
	java.vm.specification.name = Java Virtual Machine Specification
	java.vm.specification.vendor = Oracle Corporation
	java.vm.specification.version = 1.8
	java.vm.vendor = Oracle Corporation
	java.vm.version = 25.211-b12
	javax.management.builder.initial = org.jboss.as.jmx.PluggableMBeanServerBuilder
	jboss.home.dir = G:\JavaServerEss\wildfly-16.0.0.Final
	jboss.host.name = dubey
	jboss.modules.dir = G:\JavaServerEss\wildfly-16.0.0.Final\modules
	jboss.modules.system.pkgs = org.jboss.byteman
	jboss.node.name = dubey
	jboss.qualified.host.name = dubey
	jboss.server.base.dir = G:\JavaServerEss\wildfly-16.0.0.Final\standalone
	jboss.server.config.dir = G:\JavaServerEss\wildfly-16.0.0.Final\standalone\configuration
	jboss.server.data.dir = G:\JavaServerEss\wildfly-16.0.0.Final\standalone\data
	jboss.server.deploy.dir = G:\JavaServerEss\wildfly-16.0.0.Final\standalone\data\content
	jboss.server.log.dir = G:\JavaServerEss\wildfly-16.0.0.Final\standalone\log
	jboss.server.name = dubey
	jboss.server.persist.config = true
	jboss.server.temp.dir = G:\JavaServerEss\wildfly-16.0.0.Final\standalone\tmp
	line.separator = 

	logging.configuration = file:G:\JavaServerEss\wildfly-16.0.0.Final\standalone\configuration/logging.properties
	module.path = G:\JavaServerEss\wildfly-16.0.0.Final\modules
	org.jboss.boot.log.file = G:\JavaServerEss\wildfly-16.0.0.Final\standalone\log\server.log
	org.jboss.resolver.warning = true
	os.arch = amd64
	os.name = Windows 10
	os.version = 10.0
	path.separator = ;
	program.name = standalone.bat
	sun.arch.data.model = 64
	sun.boot.class.path = C:\Program Files\Java\jre1.8.0_211\lib\resources.jar;C:\Program Files\Java\jre1.8.0_211\lib\rt.jar;C:\Program Files\Java\jre1.8.0_211\lib\sunrsasign.jar;C:\Program Files\Java\jre1.8.0_211\lib\jsse.jar;C:\Program Files\Java\jre1.8.0_211\lib\jce.jar;C:\Program Files\Java\jre1.8.0_211\lib\charsets.jar;C:\Program Files\Java\jre1.8.0_211\lib\jfr.jar;C:\Program Files\Java\jre1.8.0_211\classes
	sun.boot.library.path = C:\Program Files\Java\jre1.8.0_211\bin
	sun.cpu.endian = little
	sun.cpu.isalist = amd64
	sun.desktop = windows
	sun.io.unicode.encoding = UnicodeLittle
	sun.java.command = G:\JavaServerEss\wildfly-16.0.0.Final\jboss-modules.jar -mp G:\JavaServerEss\wildfly-16.0.0.Final\modules org.jboss.as.standalone -Djboss.home.dir=G:\JavaServerEss\wildfly-16.0.0.Final
	sun.java.launcher = SUN_STANDARD
	sun.jnu.encoding = Cp1252
	sun.management.compiler = HotSpot 64-Bit Tiered Compilers
	sun.os.patch.level = 
	sun.stderr.encoding = cp437
	sun.stdout.encoding = cp437
	user.country = US
	user.dir = G:\JavaServerEss\wildfly-16.0.0.Final\bin
	user.home = C:\Users\Admin
	user.language = en
	user.name = Admin
	user.script = 
	user.timezone = Asia/Calcutta
	user.variant = 
2019-05-25 00:03:18,408 DEBUG [org.jboss.as.config] (MSC service thread 1-2) VM Arguments: -Dprogram.name=standalone.bat -Xms64M -Xmx512M -XX:MetaspaceSize=96M -XX:MaxMetaspaceSize=256m -Djava.net.preferIPv4Stack=true -Djboss.modules.system.pkgs=org.jboss.byteman -Dorg.jboss.boot.log.file=G:\JavaServerEss\wildfly-16.0.0.Final\standalone\log\server.log -Dlogging.configuration=file:G:\JavaServerEss\wildfly-16.0.0.Final\standalone\configuration/logging.properties 
2019-05-25 00:03:19,676 INFO  [org.wildfly.security] (ServerService Thread Pool -- 27) ELY00001: WildFly Elytron version 1.8.0.Final
2019-05-25 00:03:20,495 INFO  [org.jboss.as.controller.management-deprecated] (Controller Boot Thread) WFLYCTL0028: Attribute 'security-realm' in the resource at address '/core-service=management/management-interface=http-interface' is deprecated, and may be removed in a future version. See the attribute description in the output of the read-resource-description operation to learn more about the deprecation.
2019-05-25 00:03:20,536 INFO  [org.jboss.as.controller.management-deprecated] (ServerService Thread Pool -- 24) WFLYCTL0028: Attribute 'security-realm' in the resource at address '/subsystem=undertow/server=default-server/https-listener=https' is deprecated, and may be removed in a future version. See the attribute description in the output of the read-resource-description operation to learn more about the deprecation.
2019-05-25 00:03:20,925 INFO  [org.jboss.as.repository] (ServerService Thread Pool -- 20) WFLYDR0001: Content added at location G:\JavaServerEss\wildfly-16.0.0.Final\standalone\data\content\f5\bb45443d4eeb1269ca2eaf4e3215f86efd9a03\content
2019-05-25 00:03:20,950 INFO  [org.jboss.as.server] (Controller Boot Thread) WFLYSRV0039: Creating http management service using socket-binding (management-http)
2019-05-25 00:03:20,981 INFO  [org.xnio] (MSC service thread 1-6) XNIO version 3.6.5.Final
2019-05-25 00:03:21,018 INFO  [org.xnio.nio] (MSC service thread 1-6) XNIO NIO Implementation Version 3.6.5.Final
2019-05-25 00:03:21,139 INFO  [org.jboss.remoting] (MSC service thread 1-6) JBoss Remoting version 5.0.8.Final
2019-05-25 00:03:21,167 INFO  [org.jboss.as.connector.subsystems.datasources] (ServerService Thread Pool -- 42) WFLYJCA0004: Deploying JDBC-compliant driver class org.h2.Driver (version 1.4)
2019-05-25 00:03:21,182 INFO  [org.jboss.as.clustering.infinispan] (ServerService Thread Pool -- 49) WFLYCLINF0001: Activating Infinispan subsystem.
2019-05-25 00:03:21,198 INFO  [org.wildfly.extension.io] (ServerService Thread Pool -- 50) WFLYIO001: Worker 'default' has auto-configured to 8 core threads with 64 task threads based on your 4 available processors
2019-05-25 00:03:21,222 INFO  [org.jboss.as.jaxrs] (ServerService Thread Pool -- 51) WFLYRS0016: RESTEasy version 3.6.3.Final
2019-05-25 00:03:21,301 WARN  [org.jboss.as.txn] (ServerService Thread Pool -- 70) WFLYTX0013: The node-identifier attribute on the /subsystem=transactions is set to the default value. This is a danger for environments running multiple servers. Please make sure the attribute value is unique.
2019-05-25 00:03:21,308 INFO  [org.jboss.as.security] (ServerService Thread Pool -- 68) WFLYSEC0002: Activating Security Subsystem
2019-05-25 00:03:21,342 INFO  [org.jboss.as.naming] (ServerService Thread Pool -- 62) WFLYNAM0001: Activating Naming Subsystem
2019-05-25 00:03:21,344 INFO  [org.wildfly.extension.microprofile.opentracing] (ServerService Thread Pool -- 61) WFLYTRACEXT0001: Activating MicroProfile OpenTracing Subsystem
2019-05-25 00:03:21,364 INFO  [org.jboss.as.jsf] (ServerService Thread Pool -- 56) WFLYJSF0007: Activated the following JSF Implementations: [main]
2019-05-25 00:03:21,390 INFO  [org.jboss.as.security] (MSC service thread 1-3) WFLYSEC0001: Current PicketBox version=5.0.3.Final
2019-05-25 00:03:21,393 INFO  [org.jboss.as.webservices] (ServerService Thread Pool -- 72) WFLYWS0002: Activating WebServices Extension
2019-05-25 00:03:21,420 INFO  [org.wildfly.extension.microprofile.health.smallrye] (ServerService Thread Pool -- 59) WFLYHEALTH0001: Activating Eclipse MicroProfile Health Subsystem
2019-05-25 00:03:21,423 INFO  [org.wildfly.extension.microprofile.config.smallrye._private] (ServerService Thread Pool -- 58) WFLYCONF0001: Activating WildFly MicroProfile Config Subsystem
2019-05-25 00:03:21,436 INFO  [org.wildfly.extension.undertow] (MSC service thread 1-5) WFLYUT0003: Undertow 2.0.19.Final starting
2019-05-25 00:03:21,452 INFO  [org.jboss.as.connector] (MSC service thread 1-5) WFLYJCA0009: Starting JCA Subsystem (WildFly/IronJacamar 1.4.12.Final)
2019-05-25 00:03:21,474 INFO  [org.jboss.as.mail.extension] (MSC service thread 1-8) WFLYMAIL0002: Unbound mail session [java:jboss/mail/Default]
2019-05-25 00:03:21,479 INFO  [org.wildfly.extension.microprofile.metrics.smallrye] (ServerService Thread Pool -- 60) WFLYMETRICS0001: Activating Eclipse MicroProfile Metrics Subsystem
2019-05-25 00:03:21,550 INFO  [org.jboss.as.connector.deployers.jdbc] (MSC service thread 1-3) WFLYJCA0018: Started Driver service with driver-name = h2
2019-05-25 00:03:21,626 INFO  [org.jboss.as.naming] (MSC service thread 1-6) WFLYNAM0003: Starting Naming Service
2019-05-25 00:03:21,642 INFO  [org.jboss.as.mail.extension] (MSC service thread 1-6) WFLYMAIL0001: Bound mail session [java:jboss/mail/Default]
2019-05-25 00:03:21,683 INFO  [io.smallrye.metrics] (MSC service thread 1-3) Converted [2] config entries and added [4] replacements
2019-05-25 00:03:22,049 INFO  [io.smallrye.metrics] (MSC service thread 1-3) Converted [3] config entries and added [14] replacements
2019-05-25 00:03:22,154 INFO  [org.jboss.as.connector.subsystems.datasources] (MSC service thread 1-8) WFLYJCA0010: Unbound data source [java:jboss/datasources/ExampleDS]
2019-05-25 00:03:22,253 INFO  [org.jboss.as.ejb3] (MSC service thread 1-8) WFLYEJB0482: Strict pool mdb-strict-max-pool is using a max instance size of 16 (per class), which is derived from the number of CPUs on this host.
2019-05-25 00:03:22,257 INFO  [org.jboss.as.ejb3] (MSC service thread 1-5) WFLYEJB0481: Strict pool slsb-strict-max-pool is using a max instance size of 64 (per class), which is derived from thread worker pool sizing.
2019-05-25 00:03:22,452 INFO  [org.wildfly.extension.undertow] (ServerService Thread Pool -- 71) WFLYUT0014: Creating file handler for path 'G:\JavaServerEss\wildfly-16.0.0.Final/welcome-content' with options [directory-listing: 'false', follow-symlink: 'false', case-sensitive: 'true', safe-symlink-paths: '[]']
2019-05-25 00:03:22,471 INFO  [org.wildfly.extension.undertow] (MSC service thread 1-6) WFLYUT0012: Started server default-server.
2019-05-25 00:03:22,484 INFO  [org.wildfly.extension.undertow] (MSC service thread 1-5) WFLYUT0018: Host default-host starting
2019-05-25 00:03:22,662 INFO  [org.jboss.as.patching] (MSC service thread 1-5) WFLYPAT0050: WildFly Full cumulative patch ID is: base, one-off patches include: none
2019-05-25 00:03:22,730 WARN  [org.jboss.as.domain.management.security] (MSC service thread 1-3) WFLYDM0111: Keystore G:\JavaServerEss\wildfly-16.0.0.Final\standalone\configuration\application.keystore not found, it will be auto generated on first use with a self signed certificate for host localhost
2019-05-25 00:03:22,741 INFO  [org.jboss.as.server.deployment.scanner] (MSC service thread 1-7) WFLYDS0013: Started FileSystemDeploymentService for directory G:\JavaServerEss\wildfly-16.0.0.Final\standalone\deployments
2019-05-25 00:03:22,783 INFO  [org.jboss.as.server.deployment] (MSC service thread 1-4) WFLYSRV0027: Starting deployment of "ExamSystem.war" (runtime-name: "ExamSystem.war")
2019-05-25 00:03:22,898 INFO  [org.wildfly.extension.undertow] (MSC service thread 1-6) WFLYUT0006: Undertow HTTP listener default listening on 127.0.0.1:8080
2019-05-25 00:03:22,962 INFO  [org.jboss.as.ejb3] (MSC service thread 1-7) WFLYEJB0493: EJB subsystem suspension complete
2019-05-25 00:03:23,088 INFO  [org.jboss.as.connector.subsystems.datasources] (MSC service thread 1-7) WFLYJCA0001: Bound data source [java:jboss/datasources/ExampleDS]
2019-05-25 00:03:23,357 INFO  [org.wildfly.extension.undertow] (MSC service thread 1-8) WFLYUT0006: Undertow HTTPS listener https listening on 127.0.0.1:8443
2019-05-25 00:03:23,462 INFO  [org.jboss.ws.common.management] (MSC service thread 1-8) JBWS022052: Starting JBossWS 5.2.4.Final (Apache CXF 3.2.7) 
2019-05-25 00:03:32,867 WARN  [org.jboss.as.ee] (MSC service thread 1-1) WFLYEE0007: Not installing optional component org.springframework.http.server.ServletServerHttpAsyncRequestControl due to an exception (enable DEBUG log level to see the cause)
2019-05-25 00:03:32,874 WARN  [org.jboss.as.ee] (MSC service thread 1-1) WFLYEE0007: Not installing optional component org.springframework.web.context.request.async.StandardServletAsyncWebRequest due to an exception (enable DEBUG log level to see the cause)
2019-05-25 00:03:33,052 INFO  [org.infinispan.factories.GlobalComponentRegistry] (MSC service thread 1-4) ISPN000128: Infinispan version: Infinispan 'Infinity Minus ONE +2' 9.4.8.Final
2019-05-25 00:03:33,448 INFO  [org.jboss.as.clustering.infinispan] (ServerService Thread Pool -- 75) WFLYCLINF0002: Started client-mappings cache from ejb container
2019-05-25 00:03:33,586 INFO  [io.undertow.servlet] (ServerService Thread Pool -- 91) No Spring WebApplicationInitializer types detected on classpath
2019-05-25 00:03:33,640 INFO  [javax.enterprise.resource.webcontainer.jsf.config] (ServerService Thread Pool -- 91) Initializing Mojarra 2.3.9.SP01 for context '/ExamSystem'
2019-05-25 00:03:35,282 INFO  [io.undertow.servlet] (ServerService Thread Pool -- 91) Initializing Spring FrameworkServlet 'dispatcher'
2019-05-25 00:03:35,283 INFO  [org.springframework.web.servlet.DispatcherServlet] (ServerService Thread Pool -- 91) FrameworkServlet 'dispatcher': initialization started
2019-05-25 00:03:35,296 INFO  [org.springframework.web.context.support.XmlWebApplicationContext] (ServerService Thread Pool -- 91) Refreshing WebApplicationContext for namespace 'dispatcher-servlet': startup date [Sat May 25 00:03:35 IST 2019]; root of context hierarchy
2019-05-25 00:03:35,327 INFO  [org.springframework.beans.factory.xml.XmlBeanDefinitionReader] (ServerService Thread Pool -- 91) Loading XML bean definitions from ServletContext resource [/WEB-INF/spring-servlet.xml]
2019-05-25 00:03:35,651 INFO  [org.springframework.beans.factory.annotation.AutowiredAnnotationBeanPostProcessor] (ServerService Thread Pool -- 91) JSR-330 'javax.inject.Inject' annotation found and supported for autowiring
2019-05-25 00:03:35,784 INFO  [org.springframework.web.servlet.mvc.method.annotation.RequestMappingHandlerMapping] (ServerService Thread Pool -- 91) Mapped "{[/welcome],methods=[],params=[],headers=[],consumes=[],produces=[],custom=[]}" onto public java.lang.String com.ExamSystem.Controller.REST.ESRestController.welcome(java.lang.String)
2019-05-25 00:03:35,911 INFO  [org.hibernate.validator.internal.util.Version] (ServerService Thread Pool -- 91) HV000001: Hibernate Validator 6.0.15.Final
2019-05-25 00:03:37,010 INFO  [org.springframework.web.servlet.DispatcherServlet] (ServerService Thread Pool -- 91) FrameworkServlet 'dispatcher': initialization completed in 1727 ms
2019-05-25 00:03:37,012 INFO  [org.wildfly.extension.undertow] (ServerService Thread Pool -- 91) WFLYUT0021: Registered web context: '/ExamSystem' for server 'default-server'
2019-05-25 00:03:37,256 INFO  [org.jboss.as.server] (ServerService Thread Pool -- 43) WFLYSRV0010: Deployed "ExamSystem.war" (runtime-name : "ExamSystem.war")
2019-05-25 00:03:37,326 INFO  [org.jboss.as.server] (Controller Boot Thread) WFLYSRV0212: Resuming server
2019-05-25 00:03:37,331 INFO  [org.jboss.as] (Controller Boot Thread) WFLYSRV0060: Http management interface listening on http://127.0.0.1:9990/management
2019-05-25 00:03:37,332 INFO  [org.jboss.as] (Controller Boot Thread) WFLYSRV0051: Admin console listening on http://127.0.0.1:9990
2019-05-25 00:03:37,334 INFO  [org.jboss.as] (Controller Boot Thread) WFLYSRV0025: WildFly Full 16.0.0.Final (WildFly Core 8.0.0.Final) started in 20145ms - Started 526 of 716 services (329 services are lazy, passive or on-demand)
2019-05-25 00:04:11,366 INFO  [stdout] (default task-1) Entered the REST controller
2019-05-25 00:18:18,819 INFO  [org.jboss.as.repository] (ServerService Thread Pool -- 1) WFLYDR0009: Content G:\JavaServerEss\wildfly-16.0.0.Final\standalone\data\content\57\1f4a188419484b3b579b142db0814f207dc00c is obsolete and will be removed
2019-05-25 00:18:18,891 INFO  [org.jboss.as.repository] (ServerService Thread Pool -- 1) WFLYDR0002: Content removed from location G:\JavaServerEss\wildfly-16.0.0.Final\standalone\data\content\57\1f4a188419484b3b579b142db0814f207dc00c\content
2019-05-25 00:18:18,893 INFO  [org.jboss.as.repository] (ServerService Thread Pool -- 1) WFLYDR0009: Content G:\JavaServerEss\wildfly-16.0.0.Final\standalone\data\content\f2\91af5811778df75feac958c4f39b7392d6948f is obsolete and will be removed
2019-05-25 00:18:19,064 INFO  [org.jboss.as.repository] (ServerService Thread Pool -- 1) WFLYDR0002: Content removed from location G:\JavaServerEss\wildfly-16.0.0.Final\standalone\data\content\f2\91af5811778df75feac958c4f39b7392d6948f\content
2019-05-25 00:35:49,209 INFO  [org.jboss.as.repository] (DeploymentScanner-threads - 2) WFLYDR0001: Content added at location G:\JavaServerEss\wildfly-16.0.0.Final\standalone\data\content\f8\f81a77bf125280290a1cc372c7f107d5ce1fd4\content
2019-05-25 00:35:49,226 INFO  [org.wildfly.extension.undertow] (ServerService Thread Pool -- 98) WFLYUT0022: Unregistered web context: '/ExamSystem' from server 'default-server'
2019-05-25 00:35:49,229 INFO  [io.undertow.servlet] (ServerService Thread Pool -- 98) Destroying Spring FrameworkServlet 'dispatcher'
2019-05-25 00:35:49,230 INFO  [org.springframework.web.context.support.XmlWebApplicationContext] (ServerService Thread Pool -- 98) Closing WebApplicationContext for namespace 'dispatcher-servlet': startup date [Sat May 25 00:03:35 IST 2019]; root of context hierarchy
2019-05-25 00:35:49,352 INFO  [org.jboss.as.server.deployment] (MSC service thread 1-7) WFLYSRV0028: Stopped deployment ExamSystem.war (runtime-name: ExamSystem.war) in 137ms
2019-05-25 00:35:49,357 INFO  [org.jboss.as.server.deployment] (MSC service thread 1-5) WFLYSRV0027: Starting deployment of "ExamSystem.war" (runtime-name: "ExamSystem.war")
2019-05-25 00:35:57,556 WARN  [org.jboss.as.ee] (MSC service thread 1-5) WFLYEE0007: Not installing optional component org.springframework.http.server.ServletServerHttpAsyncRequestControl due to an exception (enable DEBUG log level to see the cause)
2019-05-25 00:35:57,557 WARN  [org.jboss.as.ee] (MSC service thread 1-5) WFLYEE0007: Not installing optional component org.springframework.web.context.request.async.StandardServletAsyncWebRequest due to an exception (enable DEBUG log level to see the cause)
2019-05-25 00:35:57,579 INFO  [org.jboss.as.connector.deployers.jdbc] (MSC service thread 1-5) WFLYJCA0005: Deploying non-JDBC-compliant driver class com.mysql.jdbc.Driver (version 5.1)
2019-05-25 00:35:57,598 INFO  [org.jboss.as.connector.deployers.jdbc] (MSC service thread 1-6) WFLYJCA0018: Started Driver service with driver-name = ExamSystem.war_com.mysql.jdbc.Driver_5_1
2019-05-25 00:35:57,612 INFO  [io.undertow.servlet] (ServerService Thread Pool -- 107) No Spring WebApplicationInitializer types detected on classpath
2019-05-25 00:35:57,620 INFO  [javax.enterprise.resource.webcontainer.jsf.config] (ServerService Thread Pool -- 107) Initializing Mojarra 2.3.9.SP01 for context '/ExamSystem'
2019-05-25 00:35:58,384 INFO  [io.undertow.servlet] (ServerService Thread Pool -- 107) Initializing Spring FrameworkServlet 'dispatcher'
2019-05-25 00:35:58,385 INFO  [org.springframework.web.servlet.DispatcherServlet] (ServerService Thread Pool -- 107) FrameworkServlet 'dispatcher': initialization started
2019-05-25 00:35:58,399 INFO  [org.springframework.web.context.support.XmlWebApplicationContext] (ServerService Thread Pool -- 107) Refreshing WebApplicationContext for namespace 'dispatcher-servlet': startup date [Sat May 25 00:35:58 IST 2019]; root of context hierarchy
2019-05-25 00:35:58,440 INFO  [org.springframework.beans.factory.xml.XmlBeanDefinitionReader] (ServerService Thread Pool -- 107) Loading XML bean definitions from ServletContext resource [/WEB-INF/spring-servlet.xml]
2019-05-25 00:35:58,657 INFO  [org.springframework.beans.factory.annotation.AutowiredAnnotationBeanPostProcessor] (ServerService Thread Pool -- 107) JSR-330 'javax.inject.Inject' annotation found and supported for autowiring
2019-05-25 00:35:58,703 INFO  [org.springframework.jdbc.datasource.DriverManagerDataSource] (ServerService Thread Pool -- 107) Loaded JDBC driver: com.mysql.jdbc.Driver
2019-05-25 00:35:58,791 INFO  [org.springframework.web.servlet.mvc.method.annotation.RequestMappingHandlerMapping] (ServerService Thread Pool -- 107) Mapped "{[/welcome],methods=[],params=[],headers=[],consumes=[],produces=[],custom=[]}" onto public com.ExamSystem.BO.User com.ExamSystem.Controller.REST.ESRestController.welcome(java.lang.String)
2019-05-25 00:35:59,009 INFO  [org.springframework.web.servlet.DispatcherServlet] (ServerService Thread Pool -- 107) FrameworkServlet 'dispatcher': initialization completed in 624 ms
2019-05-25 00:35:59,010 INFO  [org.wildfly.extension.undertow] (ServerService Thread Pool -- 107) WFLYUT0021: Registered web context: '/ExamSystem' for server 'default-server'
2019-05-25 00:35:59,222 INFO  [org.jboss.as.server] (DeploymentScanner-threads - 2) WFLYSRV0016: Replaced deployment "ExamSystem.war" with deployment "ExamSystem.war"
2019-05-25 00:35:59,258 INFO  [org.jboss.as.repository] (DeploymentScanner-threads - 2) WFLYDR0002: Content removed from location G:\JavaServerEss\wildfly-16.0.0.Final\standalone\data\content\f5\bb45443d4eeb1269ca2eaf4e3215f86efd9a03\content
2019-05-25 00:36:28,481 INFO  [stdout] (default task-1) Entered the REST controller
